<?xml version="1.0" encoding="UTF-8" ?>
<testsuite tests="30" failures="0" name="TestSuite" time="61.766" errors="0" skipped="0">
  <properties>
    <property name="java.vendor" value="Oracle Corporation"/>
    <property name="JOB_NAME" value="KiposPOSAutomation"/>
    <property name="sun.java.launcher" value="SUN_STANDARD"/>
    <property name="windows_tracing_logfile" value="C:\BVTBin\Tests\installpackage\csilogfile.log"/>
    <property name="NUMBER_OF_PROCESSORS" value="4"/>
    <property name="sun.management.compiler" value="HotSpot 64-Bit Tiered Compilers"/>
    <property name="JENKINS_HOME" value="C:\Users\subham\.jenkins"/>
    <property name="HUDSON_SERVER_COOKIE" value="e337ff5dafc8d67e"/>
    <property name="POM_ARTIFACTID" value="QATestAutomation"/>
    <property name="os.name" value="Windows 7"/>
    <property name="sun.boot.class.path" value="C:\Program Files\Java\jdk1.8.0_181\jre\lib\resources.jar;C:\Program Files\Java\jdk1.8.0_181\jre\lib\rt.jar;C:\Program Files\Java\jdk1.8.0_181\jre\lib\sunrsasign.jar;C:\Program Files\Java\jdk1.8.0_181\jre\lib\jsse.jar;C:\Program Files\Java\jdk1.8.0_181\jre\lib\jce.jar;C:\Program Files\Java\jdk1.8.0_181\jre\lib\charsets.jar;C:\Program Files\Java\jdk1.8.0_181\jre\lib\jfr.jar;C:\Program Files\Java\jdk1.8.0_181\jre\classes"/>
    <property name="EXECUTOR_NUMBER" value="0"/>
    <property name="sun.desktop" value="windows"/>
    <property name="PATHEXT" value=".COM;.EXE;.BAT;.CMD;.VBS;.VBE;.JS;.JSE;.WSF;.WSH;.MSC"/>
    <property name="java.vm.specification.vendor" value="Oracle Corporation"/>
    <property name="POM_DISPLAYNAME" value="QATestAutomation"/>
    <property name="NODE_LABELS" value="master"/>
    <property name="TEMP" value="C:\Users\subham\AppData\Local\Temp"/>
    <property name="java.runtime.version" value="1.8.0_181-b13"/>
    <property name="user.name" value="subham"/>
    <property name="guice.disable.misplaced.annotation.check" value="true"/>
    <property name="CommonProgramW6432" value="C:\Program Files\Common Files"/>
    <property name="ProgramFiles" value="C:\Program Files"/>
    <property name="PROMPT" value="$P$G"/>
    <property name="user.language" value="en"/>
    <property name="JOB_BASE_NAME" value="KiposPOSAutomation"/>
    <property name="RUN_CHANGES_DISPLAY_URL" value="http://localhost:8080/job/KiposPOSAutomation/2/display/redirect?page=changes"/>
    <property name="BUILD_DISPLAY_NAME" value="#2"/>
    <property name="sun.boot.library.path" value="C:\Program Files\Java\jdk1.8.0_181\jre\bin"/>
    <property name="LOCALAPPDATA" value="C:\Users\subham\AppData\Local"/>
    <property name="java.version" value="1.8.0_181"/>
    <property name="PROCESSOR_LEVEL" value="6"/>
    <property name="user.timezone" value="Asia/Calcutta"/>
    <property name="USERNAME" value="subham"/>
    <property name="sun.arch.data.model" value="64"/>
    <property name="NODE_NAME" value="master"/>
    <property name="java.endorsed.dirs" value="C:\Program Files\Java\jdk1.8.0_181\jre\lib\endorsed"/>
    <property name="BUILD_ID" value="2"/>
    <property name="sun.cpu.isalist" value="amd64"/>
    <property name="sun.jnu.encoding" value="Cp1252"/>
    <property name="file.encoding.pkg" value="sun.io"/>
    <property name="file.separator" value="\"/>
    <property name="java.specification.name" value="Java Platform API Specification"/>
    <property name="HOMEDRIVE" value="C:"/>
    <property name="maven.conf" value="C:\Users\subham\.jenkins\tools\hudson.tasks.Maven_MavenInstallation\TestMaven\conf"/>
    <property name="java.class.version" value="52.0"/>
    <property name="=::" value="::\"/>
    <property name="org.slf4j.simpleLogger.defaultLogLevel" value="info"/>
    <property name="user.country" value="US"/>
    <property name="ALLUSERSPROFILE" value="C:\ProgramData"/>
    <property name="java.home" value="C:\Program Files\Java\jdk1.8.0_181\jre"/>
    <property name="java.vm.info" value="mixed mode"/>
    <property name="os.version" value="6.1"/>
    <property name="RUN_DISPLAY_URL" value="http://localhost:8080/job/KiposPOSAutomation/2/display/redirect"/>
    <property name="POM_VERSION" value="0.0.1-SNAPSHOT"/>
    <property name="TMP" value="C:\Users\subham\AppData\Local\Temp"/>
    <property name="path.separator" value=";"/>
    <property name="java.vm.version" value="25.181-b13"/>
    <property name="user.variant" value=""/>
    <property name="JOB_DISPLAY_URL" value="http://localhost:8080/job/KiposPOSAutomation/display/redirect"/>
    <property name="CommonProgramFiles(x86)" value="C:\Program Files (x86)\Common Files"/>
    <property name="java.awt.printerjob" value="sun.awt.windows.WPrinterJob"/>
    <property name="FP_NO_HOST_CHECK" value="NO"/>
    <property name="sun.io.unicode.encoding" value="UnicodeLittle"/>
    <property name="CommonProgramFiles" value="C:\Program Files\Common Files"/>
    <property name="ComSpec" value="C:\Windows\system32\cmd.exe"/>
    <property name="HOMEPATH" value="\Users\subham"/>
    <property name="awt.toolkit" value="sun.awt.windows.WToolkit"/>
    <property name="USERDNSDOMAIN" value="SRITADS.COM"/>
    <property name="POM_PACKAGING" value="jar"/>
    <property name="user.script" value=""/>
    <property name="COMPUTERNAME" value="SRIJAYTECHLAP-1"/>
    <property name="POM_GROUPID" value="KiposQAAutomation"/>
    <property name="user.home" value="C:\Users\subham"/>
    <property name="PUBLIC" value="C:\Users\Public"/>
    <property name="BUILD_TAG" value="jenkins-KiposPOSAutomation-2"/>
    <property name="JENKINS_SERVER_COOKIE" value="e337ff5dafc8d67e"/>
    <property name="HUDSON_URL" value="http://localhost:8080/"/>
    <property name="ProgramData" value="C:\ProgramData"/>
    <property name="java.specification.vendor" value="Oracle Corporation"/>
    <property name="USERPROFILE" value="C:\Users\subham"/>
    <property name="CLASSPATH" value=""/>
    <property name="java.vendor.url" value="http://java.oracle.com/"/>
    <property name="java.library.path" value="C:\Program Files\Java\jdk1.8.0_181\bin;C:\Windows\Sun\Java\bin;C:\Windows\system32;C:\Windows;C:\Users\subham\.jenkins\tools\hudson.tasks.Maven_MavenInstallation\TestMaven/bin;C:\Windows\system32;C:\Windows;C:\Windows\System32\Wbem;C:\Windows\System32\WindowsPowerShell\v1.0;C:\Program Files\Java\jdk1.8.0_181\bin;C:\Program Files\Java\jre1.8.0_181\bin;C:\Program Files\TortoiseSVN\bin;C:\Program Files\Sublime Text 3;C:\Program Files (x86)\nodejs\;C:\Program Files\Git\cmd;C:\Program Files\Microsoft VS Code\bin;C:\composer;D:\xampp\php;C:\Program Files\nodejs\;C:\Users\subham\AppData\Roaming\npm;."/>
    <property name="java.vm.vendor" value="Oracle Corporation"/>
    <property name="APPDATA" value="C:\Users\subham\AppData\Roaming"/>
    <property name="java.runtime.name" value="Java(TM) SE Runtime Environment"/>
    <property name="maven.home" value="C:\Users\subham\.jenkins\tools\hudson.tasks.Maven_MavenInstallation\TestMaven"/>
    <property name="java.class.path" value="C:\Users\subham\.jenkins\plugins\maven-plugin\WEB-INF\lib\maven35-agent-1.13.jar;C:\Users\subham\.jenkins\tools\hudson.tasks.Maven_MavenInstallation\TestMaven\boot\plexus-classworlds-2.6.0.jar;C:\Users\subham\.jenkins\tools\hudson.tasks.Maven_MavenInstallation\TestMaven/conf/logging"/>
    <property name="sun.java.command" value="jenkins.maven3.agent.Maven35Main C:\Users\subham\.jenkins\tools\hudson.tasks.Maven_MavenInstallation\TestMaven C:\Users\subham\.jenkins\war\WEB-INF\lib\remoting-3.36.jar C:\Users\subham\.jenkins\plugins\maven-plugin\WEB-INF\lib\maven35-interceptor-1.13.jar C:\Users\subham\.jenkins\plugins\maven-plugin\WEB-INF\lib\maven3-interceptor-commons-1.13.jar 14702"/>
    <property name="Path" value="C:\Windows\system32;C:\Windows;C:\Windows\System32\Wbem;C:\Windows\System32\WindowsPowerShell\v1.0;C:\Program Files\Java\jdk1.8.0_181\bin;C:\Program Files\Java\jre1.8.0_181\bin;C:\Program Files\TortoiseSVN\bin;C:\Program Files\Sublime Text 3;C:\Program Files (x86)\nodejs\;C:\Program Files\Git\cmd;C:\Program Files\Microsoft VS Code\bin;C:\composer;D:\xampp\php;C:\Program Files\nodejs\;C:\Users\subham\AppData\Roaming\npm"/>
    <property name="java.vm.specification.name" value="Java Virtual Machine Specification"/>
    <property name="PROCESSOR_ARCHITECTURE" value="AMD64"/>
    <property name="PROCESSOR_IDENTIFIER" value="Intel64 Family 6 Model 58 Stepping 9, GenuineIntel"/>
    <property name="SESSIONNAME" value="Console"/>
    <property name="java.vm.specification.version" value="1.8"/>
    <property name="sun.os.patch.level" value="Service Pack 1"/>
    <property name="sun.cpu.endian" value="little"/>
    <property name="M2_HOME" value="C:\Users\subham\.jenkins\tools\hudson.tasks.Maven_MavenInstallation\TestMaven"/>
    <property name="=D:" value="D:\Subham Files\Jenkins"/>
    <property name="java.io.tmpdir" value="C:\Users\subham\AppData\Local\Temp\"/>
    <property name="OS" value="Windows_NT"/>
    <property name="HUDSON_HOME" value="C:\Users\subham\.jenkins"/>
    <property name="PATH+MAVEN" value="C:\Users\subham\.jenkins\tools\hudson.tasks.Maven_MavenInstallation\TestMaven/bin"/>
    <property name="ProgramFiles(x86)" value="C:\Program Files (x86)"/>
    <property name="BUILD_URL" value="http://localhost:8080/job/KiposPOSAutomation/2/"/>
    <property name="java.vendor.url.bug" value="http://bugreport.sun.com/bugreport/"/>
    <property name="java.awt.graphicsenv" value="sun.awt.Win32GraphicsEnvironment"/>
    <property name="os.arch" value="amd64"/>
    <property name="SystemRoot" value="C:\Windows"/>
    <property name="windows_tracing_flags" value="3"/>
    <property name="java.ext.dirs" value="C:\Program Files\Java\jdk1.8.0_181\jre\lib\ext;C:\Windows\Sun\Java\lib\ext"/>
    <property name="user.dir" value="C:\Users\subham\eclipse-workspace\QATestAutomation"/>
    <property name="JOB_URL" value="http://localhost:8080/job/KiposPOSAutomation/"/>
    <property name="LOGONSERVER" value="\\CORP"/>
    <property name="USERDOMAIN" value="SRITADS"/>
    <property name="line.separator" value="
"/>
    <property name="MAVEN_HOME" value="C:\Users\subham\.jenkins\tools\hudson.tasks.Maven_MavenInstallation\TestMaven"/>
    <property name="java.vm.name" value="Java HotSpot(TM) 64-Bit Server VM"/>
    <property name="BUILD_NUMBER" value="2"/>
    <property name="JENKINS_URL" value="http://localhost:8080/"/>
    <property name="PROCESSOR_REVISION" value="3a09"/>
    <property name="ProgramW6432" value="C:\Program Files"/>
    <property name="windir" value="C:\Windows"/>
    <property name="file.encoding" value="Cp1252"/>
    <property name="SystemDrive" value="C:"/>
    <property name="maven3.interceptor" value="C:\Users\subham\.jenkins\plugins\maven-plugin\WEB-INF\lib\maven35-interceptor-1.13.jar"/>
    <property name="WORKSPACE" value="C:\Users\subham\.jenkins\workspace\KiposPOSAutomation"/>
    <property name="maven3.interceptor.common" value="C:\Users\subham\.jenkins\plugins\maven-plugin\WEB-INF\lib\maven3-interceptor-commons-1.13.jar"/>
    <property name="java.specification.version" value="1.8"/>
    <property name="PSModulePath" value="C:\Windows\system32\WindowsPowerShell\v1.0\Modules\"/>
  </properties>
  <testcase classname="com.qa.test.ForgotPasswordTest" name="verifyForgotPasswordText" time="0.109"/>
  <testcase classname="com.qa.test.SignUpPageTest" name="verifySignUpText" time="0.058"/>
  <testcase classname="com.qa.test.SignUpPageTest" name="validateSignUp" time="13.39"/>
  <testcase classname="com.qa.test.ForgotPasswordTest" name="verifyEmailidField" time="4.362"/>
  <testcase classname="com.qa.test.ForgotPasswordTest" name="verifySubmitButton" time="4.471"/>
  <testcase classname="com.qa.test.HomePageTest" name="kiposLogoTest" time="0.183"/>
  <testcase classname="com.qa.test.HomePageTest" name="kiposTitleTest" time="0.034"/>
  <testcase classname="com.qa.test.HomePageTest" name="signUpButtonTest" time="0.074"/>
  <testcase classname="com.qa.test.HomePageTest" name="loginButtonText" time="0.102"/>
  <testcase classname="com.qa.test.HomePageTest" name="gourmetProductsTextTest" time="0.143"/>
  <testcase classname="com.qa.test.HomePageTest" name="gourmetProductsTest" time="4.137"/>
  <testcase classname="com.qa.test.HomePageTest" name="loginButtonTest" time="4.243"/>
  <testcase classname="com.qa.test.HomePageTest" name="verifySignUpButton" time="4.226"/>
  <testcase classname="com.qa.test.LandingPageTest" name="verifyLogo" time="0.092"/>
  <testcase classname="com.qa.test.LandingPageTest" name="verifyUserName" time="0.071"/>
  <testcase classname="com.qa.test.LandingPageTest" name="verifyCartCount" time="0.073"/>
  <testcase classname="com.qa.test.LandingPageTest" name="verifyGourmetClick" time="0.131"/>
  <testcase classname="com.qa.test.LandingPageTest" name="verifyUserOptions" time="0"/>
  <testcase classname="com.qa.test.LandingPageTest" name="verifyMyAccount" time="8.316"/>
  <testcase classname="com.qa.test.LoginPageTest" name="loginUserTest" time="12.753"/>
  <testcase classname="com.qa.test.LoginPageTest" name="forgotPasswordTest" time="4.161"/>
  <testcase classname="com.qa.test.MyAccountPageTest" name="verifyPersonalInfoText" time="0.071"/>
  <testcase classname="com.qa.test.MyAccountPageTest" name="verifyFullnameLabel" time="0.082"/>
  <testcase classname="com.qa.test.MyAccountPageTest" name="verifyFullnameText" time="0.074"/>
  <testcase classname="com.qa.test.MyAccountPageTest" name="verifyUserInfoText" time="0.071"/>
  <testcase classname="com.qa.test.MyAccountPageTest" name="verifyEmailIdText" time="0.075"/>
  <testcase classname="com.qa.test.MyAccountPageTest" name="verifyUserEmail" time="0.067"/>
  <testcase classname="com.qa.test.MyAccountPageTest" name="verifyKPointsText" time="0.065"/>
  <testcase classname="com.qa.test.MyAccountPageTest" name="verifyKpointsCount" time="0.061"/>
  <testcase classname="com.qa.test.MyAccountPageTest" name="verifyNewslettersText" time="0.071"/>
</testsuite>