<?xml version="1.0" encoding="UTF-8"?>
<!-- Generated by org.testng.reporters.JUnitReportReporter -->
<testsuite skipped="0" hostname="srijaytechLAP-1" name="com.qa.test.ForgotPasswordTest" tests="3" failures="0" timestamp="2019-11-23T15:44:15 IST" time="99.572" errors="0">
  <testcase name="verifyForgotPasswordText" time="32.428" classname="com.qa.test.ForgotPasswordTest"/>
  <testcase name="verifyEmailidField" time="29.528" classname="com.qa.test.ForgotPasswordTest"/>
  <testcase name="verifySubmitButton" time="37.616" classname="com.qa.test.ForgotPasswordTest"/>
</testsuite> <!-- com.qa.test.ForgotPasswordTest -->
