<?xml version="1.0" encoding="UTF-8"?>
<!-- Generated by org.testng.reporters.JUnitReportReporter -->
<testsuite skipped="0" hostname="srijaytechLAP-1" name="com.qa.test.LandingPageTest" tests="6" failures="0" timestamp="2019-11-22T15:34:41 IST" time="229.933" errors="0">
  <testcase name="verifyLogo" time="38.021" classname="com.qa.test.LandingPageTest"/>
  <testcase name="verifyUserName" time="35.173" classname="com.qa.test.LandingPageTest"/>
  <testcase name="verifyCartCount" time="36.748" classname="com.qa.test.LandingPageTest"/>
  <testcase name="verifyGourmetClick" time="36.141" classname="com.qa.test.LandingPageTest"/>
  <testcase name="verifyUserOptions" time="38.736" classname="com.qa.test.LandingPageTest"/>
  <testcase name="verifyMyAccount" time="45.114" classname="com.qa.test.LandingPageTest"/>
</testsuite> <!-- com.qa.test.LandingPageTest -->
