<?xml version="1.0" encoding="UTF-8"?>
<!-- Generated by org.testng.reporters.JUnitReportReporter -->
<testsuite skipped="0" hostname="srijaytechLAP-1" name="com.qa.test.SignUpPageTest" tests="2" failures="0" timestamp="2019-11-23T15:44:15 IST" time="55.366" errors="0">
  <testcase name="verifySignUpText" time="19.431" classname="com.qa.test.SignUpPageTest"/>
  <testcase name="validateSignUp" time="35.935" classname="com.qa.test.SignUpPageTest"/>
</testsuite> <!-- com.qa.test.SignUpPageTest -->
