<?xml version="1.0" encoding="UTF-8"?>
<!-- Generated by org.testng.reporters.JUnitReportReporter -->
<testsuite skipped="0" hostname="srijaytechLAP-1" name="com.qa.test.LoginPageTest" tests="2" failures="0" timestamp="2019-11-23T15:44:15 IST" time="60.075" errors="0">
  <testcase name="loginUserTest" time="34.049" classname="com.qa.test.LoginPageTest"/>
  <testcase name="forgotPasswordTest" time="26.026" classname="com.qa.test.LoginPageTest"/>
</testsuite> <!-- com.qa.test.LoginPageTest -->
