<?xml version="1.0" encoding="UTF-8"?>
<!-- Generated by org.testng.reporters.JUnitReportReporter -->
<testsuite skipped="0" hostname="srijaytechLAP-1" name="com.qa.test.MyAccountPageTest" tests="9" failures="0" timestamp="2019-11-22T17:12:02 IST" time="417.075" errors="0">
  <testcase name="verifyPersonalInfoText" time="44.734" classname="com.qa.test.MyAccountPageTest"/>
  <testcase name="verifyFullnameLabel" time="47.320" classname="com.qa.test.MyAccountPageTest"/>
  <testcase name="verifyFullnameText" time="45.502" classname="com.qa.test.MyAccountPageTest"/>
  <testcase name="verifyUserInfoText" time="44.735" classname="com.qa.test.MyAccountPageTest"/>
  <testcase name="verifyEmailIdText" time="45.535" classname="com.qa.test.MyAccountPageTest"/>
  <testcase name="verifyUserEmail" time="47.464" classname="com.qa.test.MyAccountPageTest"/>
  <testcase name="verifyKPointsText" time="48.433" classname="com.qa.test.MyAccountPageTest"/>
  <testcase name="verifyKpointsCount" time="47.752" classname="com.qa.test.MyAccountPageTest"/>
  <testcase name="verifyNewslettersText" time="45.600" classname="com.qa.test.MyAccountPageTest"/>
</testsuite> <!-- com.qa.test.MyAccountPageTest -->
