<?xml version="1.0" encoding="UTF-8"?>
<!-- Generated by org.testng.reporters.JUnitReportReporter -->
<testsuite skipped="0" hostname="srijaytechLAP-1" name="com.qa.test.HomePageTest" tests="8" failures="0" timestamp="2019-11-23T15:44:15 IST" time="198.132" errors="0">
  <testcase name="kiposLogoTest" time="36.420" classname="com.qa.test.HomePageTest"/>
  <testcase name="kiposTitleTest" time="20.606" classname="com.qa.test.HomePageTest"/>
  <testcase name="signUpButtonTest" time="27.438" classname="com.qa.test.HomePageTest"/>
  <testcase name="loginButtonText" time="17.288" classname="com.qa.test.HomePageTest"/>
  <testcase name="gourmetProductsTextTest" time="18.301" classname="com.qa.test.HomePageTest"/>
  <testcase name="gourmetProductsTest" time="24.159" classname="com.qa.test.HomePageTest"/>
  <testcase name="loginButtonTest" time="27.313" classname="com.qa.test.HomePageTest"/>
  <testcase name="verifySignUpButton" time="26.607" classname="com.qa.test.HomePageTest"/>
</testsuite> <!-- com.qa.test.HomePageTest -->
