<?xml version="1.0" encoding="UTF-8"?>
<!-- Generated by org.testng.reporters.JUnitReportReporter -->
<testsuite skipped="0" hostname="srijaytechLAP-1" name="com.qa.test.LandingPageTest" tests="6" failures="0" timestamp="2019-11-23T16:47:39 IST" time="204.530" errors="0">
  <testcase name="verifyLogo" time="33.722" classname="com.qa.test.LandingPageTest"/>
  <testcase name="verifyUserName" time="31.215" classname="com.qa.test.LandingPageTest"/>
  <testcase name="verifyCartCount" time="32.353" classname="com.qa.test.LandingPageTest"/>
  <testcase name="verifyGourmetClick" time="33.368" classname="com.qa.test.LandingPageTest"/>
  <testcase name="verifyUserOptions" time="31.539" classname="com.qa.test.LandingPageTest"/>
  <testcase name="verifyMyAccount" time="42.333" classname="com.qa.test.LandingPageTest"/>
</testsuite> <!-- com.qa.test.LandingPageTest -->
