<?xml version="1.0" encoding="UTF-8"?>
<!-- Generated by org.testng.reporters.JUnitReportReporter -->
<testsuite skipped="0" hostname="srijaytechLAP-1" name="com.qa.test.MyAccountPageTest" tests="9" failures="0" timestamp="2019-11-23T16:47:39 IST" time="401.752" errors="0">
  <testcase name="verifyPersonalInfoText" time="44.586" classname="com.qa.test.MyAccountPageTest"/>
  <testcase name="verifyFullnameLabel" time="46.689" classname="com.qa.test.MyAccountPageTest"/>
  <testcase name="verifyFullnameText" time="45.764" classname="com.qa.test.MyAccountPageTest"/>
  <testcase name="verifyUserInfoText" time="46.449" classname="com.qa.test.MyAccountPageTest"/>
  <testcase name="verifyEmailIdText" time="44.802" classname="com.qa.test.MyAccountPageTest"/>
  <testcase name="verifyUserEmail" time="42.204" classname="com.qa.test.MyAccountPageTest"/>
  <testcase name="verifyKPointsText" time="43.431" classname="com.qa.test.MyAccountPageTest"/>
  <testcase name="verifyKpointsCount" time="41.899" classname="com.qa.test.MyAccountPageTest"/>
  <testcase name="verifyNewslettersText" time="45.928" classname="com.qa.test.MyAccountPageTest"/>
</testsuite> <!-- com.qa.test.MyAccountPageTest -->
