<?xml version="1.0" encoding="UTF-8"?>
<!-- Generated by org.testng.reporters.JUnitReportReporter -->
<testsuite skipped="0" hostname="srijaytechLAP-1" name="com.qa.test.ForgotPasswordTest" tests="3" failures="0" timestamp="2019-11-23T16:47:39 IST" time="106.402" errors="0">
  <testcase name="verifyForgotPasswordText" time="44.016" classname="com.qa.test.ForgotPasswordTest"/>
  <testcase name="verifyEmailidField" time="32.318" classname="com.qa.test.ForgotPasswordTest"/>
  <testcase name="verifySubmitButton" time="30.068" classname="com.qa.test.ForgotPasswordTest"/>
</testsuite> <!-- com.qa.test.ForgotPasswordTest -->
