<?xml version="1.0" encoding="UTF-8"?>
<!-- Generated by org.testng.reporters.JUnitReportReporter -->
<testsuite skipped="0" hostname="srijaytechLAP-1" name="com.qa.test.HomePageTest" tests="8" failures="0" timestamp="2019-11-23T16:47:39 IST" time="136.954" errors="0">
  <testcase name="kiposLogoTest" time="14.231" classname="com.qa.test.HomePageTest"/>
  <testcase name="kiposTitleTest" time="17.128" classname="com.qa.test.HomePageTest"/>
  <testcase name="signUpButtonTest" time="18.979" classname="com.qa.test.HomePageTest"/>
  <testcase name="loginButtonText" time="15.313" classname="com.qa.test.HomePageTest"/>
  <testcase name="gourmetProductsTextTest" time="16.305" classname="com.qa.test.HomePageTest"/>
  <testcase name="gourmetProductsTest" time="21.777" classname="com.qa.test.HomePageTest"/>
  <testcase name="loginButtonTest" time="16.511" classname="com.qa.test.HomePageTest"/>
  <testcase name="verifySignUpButton" time="16.710" classname="com.qa.test.HomePageTest"/>
</testsuite> <!-- com.qa.test.HomePageTest -->
